d:\tap\tflcpp\solutions\cpp\daywisebreakup\april\29_4_25\helloworldapp\helloworldapp\x64\debug\vc143.pdb
d:\tap\tflcpp\solutions\cpp\daywisebreakup\april\29_4_25\helloworldapp\helloworldapp\x64\debug\vc143.idb
d:\tap\tflcpp\solutions\cpp\daywisebreakup\april\29_4_25\helloworldapp\helloworldapp\x64\debug\productuimanager.obj
d:\tap\tflcpp\solutions\cpp\daywisebreakup\april\29_4_25\helloworldapp\helloworldapp\x64\debug\customeruimanager.obj
d:\tap\tflcpp\solutions\cpp\daywisebreakup\april\29_4_25\helloworldapp\helloworldapp\x64\debug\productservice.obj
d:\tap\tflcpp\solutions\cpp\daywisebreakup\april\29_4_25\helloworldapp\helloworldapp\x64\debug\productrepository.obj
d:\tap\tflcpp\solutions\cpp\daywisebreakup\april\29_4_25\helloworldapp\helloworldapp\x64\debug\product.obj
d:\tap\tflcpp\solutions\cpp\daywisebreakup\april\29_4_25\helloworldapp\helloworldapp\x64\debug\main.obj
d:\tap\tflcpp\solutions\cpp\daywisebreakup\april\29_4_25\helloworldapp\helloworldapp\x64\debug\productscontroller.obj
d:\tap\tflcpp\solutions\cpp\daywisebreakup\april\29_4_25\helloworldapp\helloworldapp\x64\debug\producttextiomanager.obj
d:\tap\tflcpp\solutions\cpp\daywisebreakup\april\29_4_25\helloworldapp\helloworldapp\x64\debug\productjsoniomanager.obj
d:\tap\tflcpp\solutions\cpp\daywisebreakup\april\29_4_25\helloworldapp\helloworldapp\x64\debug\productcsviomanager.obj
d:\tap\tflcpp\solutions\cpp\daywisebreakup\april\29_4_25\helloworldapp\helloworldapp\x64\debug\productbinaryiomanger.obj
d:\tap\tflcpp\solutions\cpp\daywisebreakup\april\29_4_25\helloworldapp\helloworldapp\x64\debug\customerservice.obj
d:\tap\tflcpp\solutions\cpp\daywisebreakup\april\29_4_25\helloworldapp\helloworldapp\x64\debug\customerscontroller.obj
d:\tap\tflcpp\solutions\cpp\daywisebreakup\april\29_4_25\helloworldapp\helloworldapp\x64\debug\customerrepository.obj
d:\tap\tflcpp\solutions\cpp\daywisebreakup\april\29_4_25\helloworldapp\helloworldapp\x64\debug\customerbinaryiomanger.obj
d:\tap\tflcpp\solutions\cpp\daywisebreakup\april\29_4_25\helloworldapp\helloworldapp\x64\debug\customer.obj
d:\tap\tflcpp\solutions\cpp\daywisebreakup\april\29_4_25\helloworldapp\helloworldapp\x64\debug\customer main .obj
d:\tap\tflcpp\solutions\cpp\daywisebreakup\april\29_4_25\helloworldapp\x64\debug\helloworldapp.exe
d:\tap\tflcpp\solutions\cpp\daywisebreakup\april\29_4_25\helloworldapp\x64\debug\helloworldapp.pdb
d:\tap\tflcpp\solutions\cpp\daywisebreakup\april\29_4_25\helloworldapp\helloworldapp\x64\debug\helloworldapp.ilk
d:\tap\tflcpp\solutions\cpp\daywisebreakup\april\29_4_25\helloworldapp\helloworldapp\x64\debug\helloworldapp.tlog\cl.command.1.tlog
d:\tap\tflcpp\solutions\cpp\daywisebreakup\april\29_4_25\helloworldapp\helloworldapp\x64\debug\helloworldapp.tlog\cl.items.tlog
d:\tap\tflcpp\solutions\cpp\daywisebreakup\april\29_4_25\helloworldapp\helloworldapp\x64\debug\helloworldapp.tlog\cl.read.1.tlog
d:\tap\tflcpp\solutions\cpp\daywisebreakup\april\29_4_25\helloworldapp\helloworldapp\x64\debug\helloworldapp.tlog\cl.write.1.tlog
d:\tap\tflcpp\solutions\cpp\daywisebreakup\april\29_4_25\helloworldapp\helloworldapp\x64\debug\helloworldapp.tlog\link.command.1.tlog
d:\tap\tflcpp\solutions\cpp\daywisebreakup\april\29_4_25\helloworldapp\helloworldapp\x64\debug\helloworldapp.tlog\link.read.1.tlog
d:\tap\tflcpp\solutions\cpp\daywisebreakup\april\29_4_25\helloworldapp\helloworldapp\x64\debug\helloworldapp.tlog\link.secondary.1.tlog
d:\tap\tflcpp\solutions\cpp\daywisebreakup\april\29_4_25\helloworldapp\helloworldapp\x64\debug\helloworldapp.tlog\link.write.1.tlog
